=== Update started at Thu Feb 12 09:44:42 PST 2026 ===
Already up to date.
Fetching data...
Fetching data for 2025-26 season...

Fetching player game logs...
  Saved 17702 game log rows
Fetching team advanced stats (DEF_RATING, PACE)...
  Saved 30 team rows
Fetching player index...
  Saved 549 player rows
Fetching player season stats (USG%, TS%)...
  Saved 530 player stat rows

All data fetched successfully!
Calculating Points+ and generating JSON...
Loading raw data...
Calculating Points+...
  315 qualifying players (>=20 GP, >=15.0 MPG)

  League avg adjusted PPG: 12.5
  Top 5:
    1. Luka Dončić (LAL) — Points+ 262, PPG 32.8
    2. Shai Gilgeous-Alexander (OKC) — Points+ 253, PPG 31.8
    3. Jaylen Brown (BOS) — Points+ 234, PPG 29.3
    4. Anthony Edwards (MIN) — Points+ 233, PPG 29.3
    5. Tyrese Maxey (PHI) — Points+ 233, PPG 28.9
Generating JSON files...
  Saved leaderboard.json (315 players)
  Saved 315 player files
  Saved distribution.json (25 bins)
  Saved metadata.json

All JSON files generated!
Copying data to web...
[main 4fd203c] Update Points+ data (2026-02-12)
 318 files changed, 9429 insertions(+), 7503 deletions(-)
To github.com:jake-p-bennett/nba-dashboard.git
   8e6a913..4fd203c  main -> main
Data pushed successfully.
=== Update finished at Thu Feb 12 09:44:50 PST 2026 ===

